yarn run v1.22.22
$ next dev
  ▲ Next.js 14.2.28
  - Local:        http://localhost:3000
  - Environments: .env
  - Experiments (use with caution):
    · outputFileTracingRoot

 ✓ Starting...
Attention: Next.js now collects completely anonymous telemetry regarding usage.
This information is used to shape Next.js' roadmap and prioritize features.
You can learn more, including how to opt-out if you'd not like to participate in this anonymous program, by visiting the following URL:
https://nextjs.org/telemetry


   We detected TypeScript in your project and reconfigured your tsconfig.json file for you. Strict-mode is set to false by default.
   The following suggested values were added to your tsconfig.json. These values can be changed to fit your project's needs:

   	- include was updated to add '.dev/types/**/*.ts'

 ✓ Ready in 1533ms
 ○ Compiling / ...
 ✓ Compiled / in 6.3s (1246 modules)
 HEAD / 200 in 3420ms
 HEAD / 200 in 6691ms
 ✓ Compiled in 710ms (607 modules)
 GET / 200 in 63ms
 GET / 200 in 40ms
 GET / 200 in 42ms
 ○ Compiling /dashboard ...
 ✓ Compiled /dashboard in 883ms (1248 modules)
 ✓ Compiled /api/shopping-lists in 341ms (677 modules)
prisma:query SELECT "public"."ShoppingList"."id", "public"."ShoppingList"."name", "public"."ShoppingList"."createdAt", "public"."ShoppingList"."updatedAt", "public"."ShoppingList"."userId" FROM "public"."ShoppingList" WHERE 1=1 ORDER BY "public"."ShoppingList"."updatedAt" DESC OFFSET $1
 GET /api/shopping-lists 200 in 589ms
prisma:query SELECT "public"."ShoppingList"."id", "public"."ShoppingList"."name", "public"."ShoppingList"."createdAt", "public"."ShoppingList"."updatedAt", "public"."ShoppingList"."userId" FROM "public"."ShoppingList" WHERE 1=1 ORDER BY "public"."ShoppingList"."updatedAt" DESC OFFSET $1
 GET /api/shopping-lists 200 in 18ms
 ✓ Compiled /dashboard/lists/new in 420ms (1291 modules)
 POST /api/shopping-lists 200 in 63ms
prisma:query INSERT INTO "public"."ShoppingList" ("id","name","createdAt","updatedAt") VALUES ($1,$2,$3,$4) RETURNING "public"."ShoppingList"."id", "public"."ShoppingList"."name", "public"."ShoppingList"."createdAt", "public"."ShoppingList"."updatedAt", "public"."ShoppingList"."userId"
 ○ Compiling /dashboard/lists/[id] ...
 ✓ Compiled /dashboard/lists/[id] in 717ms (1313 modules)
prisma:query SELECT 1
prisma:query SELECT "public"."ShoppingList"."id", "public"."ShoppingList"."name", "public"."ShoppingList"."createdAt", "public"."ShoppingList"."updatedAt", "public"."ShoppingList"."userId" FROM "public"."ShoppingList" WHERE ("public"."ShoppingList"."id" = $1 AND 1=1) LIMIT $2 OFFSET $3
 ✓ Compiled /api/shopping-lists/[id]/items in 195ms (702 modules)
prisma:query SELECT "public"."ShoppingItem"."id", "public"."ShoppingItem"."name", "public"."ShoppingItem"."quantity", "public"."ShoppingItem"."unit", "public"."ShoppingItem"."createdAt", "public"."ShoppingItem"."updatedAt", "public"."ShoppingItem"."shoppingListId" FROM "public"."ShoppingItem" WHERE "public"."ShoppingItem"."shoppingListId" = $1 ORDER BY "public"."ShoppingItem"."createdAt" DESC OFFSET $2
 GET /api/shopping-lists/355bd007-cb2f-4aa7-89dd-7748b9e2bed8/items 200 in 604ms
prisma:query SELECT "public"."ShoppingItem"."id", "public"."ShoppingItem"."name", "public"."ShoppingItem"."quantity", "public"."ShoppingItem"."unit", "public"."ShoppingItem"."createdAt", "public"."ShoppingItem"."updatedAt", "public"."ShoppingItem"."shoppingListId" FROM "public"."ShoppingItem" WHERE "public"."ShoppingItem"."shoppingListId" = $1 ORDER BY "public"."ShoppingItem"."createdAt" DESC OFFSET $2
 GET /api/shopping-lists/355bd007-cb2f-4aa7-89dd-7748b9e2bed8/items 200 in 31ms
 ✓ Compiled /dashboard/lists/[id]/add-item in 423ms (1325 modules)
prisma:query SELECT "public"."ShoppingList"."id", "public"."ShoppingList"."name", "public"."ShoppingList"."createdAt", "public"."ShoppingList"."updatedAt", "public"."ShoppingList"."userId" FROM "public"."ShoppingList" WHERE ("public"."ShoppingList"."id" = $1 AND 1=1) LIMIT $2 OFFSET $3
prisma:query SELECT 1
prisma:query INSERT INTO "public"."ShoppingItem" ("id","name","quantity","unit","createdAt","updatedAt","shoppingListId") VALUES ($1,$2,$3,$4,$5,$6,$7) RETURNING "public"."ShoppingItem"."id", "public"."ShoppingItem"."name", "public"."ShoppingItem"."quantity", "public"."ShoppingItem"."unit", "public"."ShoppingItem"."createdAt", "public"."ShoppingItem"."updatedAt", "public"."ShoppingItem"."shoppingListId"
prisma:query INSERT INTO "public"."ItemPrice" ("id","platform","price","url","available","productName","lastUpdated","shoppingItemId") VALUES ($1,$2,$3,$4,$5,$6,$7,$8) RETURNING "public"."ItemPrice"."id", "public"."ItemPrice"."platform", "public"."ItemPrice"."price", "public"."ItemPrice"."url", "public"."ItemPrice"."available", "public"."ItemPrice"."productName", "public"."ItemPrice"."imageUrl", "public"."ItemPrice"."lastUpdated", "public"."ItemPrice"."shoppingItemId"
prisma:query INSERT INTO "public"."ItemPrice" ("id","platform","price","url","available","productName","lastUpdated","shoppingItemId") VALUES ($1,$2,$3,$4,$5,$6,$7,$8) RETURNING "public"."ItemPrice"."id", "public"."ItemPrice"."platform", "public"."ItemPrice"."price", "public"."ItemPrice"."url", "public"."ItemPrice"."available", "public"."ItemPrice"."productName", "public"."ItemPrice"."imageUrl", "public"."ItemPrice"."lastUpdated", "public"."ItemPrice"."shoppingItemId"
prisma:query INSERT INTO "public"."ItemPrice" ("id","platform","price","url","available","productName","lastUpdated","shoppingItemId") VALUES ($1,$2,$3,$4,$5,$6,$7,$8) RETURNING "public"."ItemPrice"."id", "public"."ItemPrice"."platform", "public"."ItemPrice"."price", "public"."ItemPrice"."url", "public"."ItemPrice"."available", "public"."ItemPrice"."productName", "public"."ItemPrice"."imageUrl", "public"."ItemPrice"."lastUpdated", "public"."ItemPrice"."shoppingItemId"
prisma:query INSERT INTO "public"."ItemPrice" ("id","platform","price","url","available","productName","lastUpdated","shoppingItemId") VALUES ($1,$2,$3,$4,$5,$6,$7,$8) RETURNING "public"."ItemPrice"."id", "public"."ItemPrice"."platform", "public"."ItemPrice"."price", "public"."ItemPrice"."url", "public"."ItemPrice"."available", "public"."ItemPrice"."productName", "public"."ItemPrice"."imageUrl", "public"."ItemPrice"."lastUpdated", "public"."ItemPrice"."shoppingItemId"
prisma:query SELECT "public"."ShoppingItem"."id", "public"."ShoppingItem"."name", "public"."ShoppingItem"."quantity", "public"."ShoppingItem"."unit", "public"."ShoppingItem"."createdAt", "public"."ShoppingItem"."updatedAt", "public"."ShoppingItem"."shoppingListId" FROM "public"."ShoppingItem" WHERE ("public"."ShoppingItem"."id" = $1 AND 1=1) LIMIT $2 OFFSET $3
prisma:query SELECT "public"."ItemPrice"."id", "public"."ItemPrice"."platform", "public"."ItemPrice"."price", "public"."ItemPrice"."url", "public"."ItemPrice"."available", "public"."ItemPrice"."productName", "public"."ItemPrice"."imageUrl", "public"."ItemPrice"."lastUpdated", "public"."ItemPrice"."shoppingItemId" FROM "public"."ItemPrice" WHERE "public"."ItemPrice"."shoppingItemId" IN ($1) OFFSET $2
 POST /api/shopping-lists/355bd007-cb2f-4aa7-89dd-7748b9e2bed8/items 200 in 52ms
prisma:query SELECT "public"."ShoppingList"."id", "public"."ShoppingList"."name", "public"."ShoppingList"."createdAt", "public"."ShoppingList"."updatedAt", "public"."ShoppingList"."userId" FROM "public"."ShoppingList" WHERE ("public"."ShoppingList"."id" = $1 AND 1=1) LIMIT $2 OFFSET $3
prisma:query SELECT 1
prisma:query SELECT "public"."ShoppingList"."id", "public"."ShoppingList"."name", "public"."ShoppingList"."createdAt", "public"."ShoppingList"."updatedAt", "public"."ShoppingList"."userId" FROM "public"."ShoppingList" WHERE 1=1 ORDER BY "public"."ShoppingList"."updatedAt" DESC OFFSET $1
prisma:query SELECT "public"."ShoppingItem"."id", "public"."ShoppingItem"."name", "public"."ShoppingItem"."quantity", "public"."ShoppingItem"."unit", "public"."ShoppingItem"."createdAt", "public"."ShoppingItem"."updatedAt", "public"."ShoppingItem"."shoppingListId" FROM "public"."ShoppingItem" WHERE "public"."ShoppingItem"."shoppingListId" IN ($1) OFFSET $2
 GET /api/shopping-lists 200 in 20ms
prisma:query SELECT "public"."ShoppingList"."id", "public"."ShoppingList"."name", "public"."ShoppingList"."createdAt", "public"."ShoppingList"."updatedAt", "public"."ShoppingList"."userId" FROM "public"."ShoppingList" WHERE 1=1 ORDER BY "public"."ShoppingList"."updatedAt" DESC OFFSET $1
prisma:query SELECT "public"."ShoppingItem"."id", "public"."ShoppingItem"."name", "public"."ShoppingItem"."quantity", "public"."ShoppingItem"."unit", "public"."ShoppingItem"."createdAt", "public"."ShoppingItem"."updatedAt", "public"."ShoppingItem"."shoppingListId" FROM "public"."ShoppingItem" WHERE "public"."ShoppingItem"."shoppingListId" IN ($1) OFFSET $2
 GET /api/shopping-lists 200 in 27ms
prisma:query SELECT "public"."ShoppingList"."id", "public"."ShoppingList"."name", "public"."ShoppingList"."createdAt", "public"."ShoppingList"."updatedAt", "public"."ShoppingList"."userId" FROM "public"."ShoppingList" WHERE ("public"."ShoppingList"."id" = $1 AND 1=1) LIMIT $2 OFFSET $3
prisma:query SELECT "public"."ShoppingItem"."id", "public"."ShoppingItem"."name", "public"."ShoppingItem"."quantity", "public"."ShoppingItem"."unit", "public"."ShoppingItem"."createdAt", "public"."ShoppingItem"."updatedAt", "public"."ShoppingItem"."shoppingListId" FROM "public"."ShoppingItem" WHERE "public"."ShoppingItem"."shoppingListId" = $1 ORDER BY "public"."ShoppingItem"."createdAt" DESC OFFSET $2
prisma:query SELECT "public"."ItemPrice"."id", "public"."ItemPrice"."platform", "public"."ItemPrice"."price", "public"."ItemPrice"."url", "public"."ItemPrice"."available", "public"."ItemPrice"."productName", "public"."ItemPrice"."imageUrl", "public"."ItemPrice"."lastUpdated", "public"."ItemPrice"."shoppingItemId" FROM "public"."ItemPrice" WHERE "public"."ItemPrice"."shoppingItemId" IN ($1) OFFSET $2
 GET /api/shopping-lists/355bd007-cb2f-4aa7-89dd-7748b9e2bed8/items 200 in 31ms
prisma:query SELECT "public"."ShoppingItem"."id", "public"."ShoppingItem"."name", "public"."ShoppingItem"."quantity", "public"."ShoppingItem"."unit", "public"."ShoppingItem"."createdAt", "public"."ShoppingItem"."updatedAt", "public"."ShoppingItem"."shoppingListId" FROM "public"."ShoppingItem" WHERE "public"."ShoppingItem"."shoppingListId" = $1 ORDER BY "public"."ShoppingItem"."createdAt" DESC OFFSET $2
prisma:query SELECT "public"."ItemPrice"."id", "public"."ItemPrice"."platform", "public"."ItemPrice"."price", "public"."ItemPrice"."url", "public"."ItemPrice"."available", "public"."ItemPrice"."productName", "public"."ItemPrice"."imageUrl", "public"."ItemPrice"."lastUpdated", "public"."ItemPrice"."shoppingItemId" FROM "public"."ItemPrice" WHERE "public"."ItemPrice"."shoppingItemId" IN ($1) OFFSET $2
 GET /api/shopping-lists/355bd007-cb2f-4aa7-89dd-7748b9e2bed8/items 200 in 22ms
 ○ Compiling /dashboard/lists/[id]/compare ...
 ✓ Compiled /dashboard/lists/[id]/compare in 1209ms (1351 modules)
prisma:query SELECT 1
prisma:query SELECT "public"."ShoppingList"."id", "public"."ShoppingList"."name", "public"."ShoppingList"."createdAt", "public"."ShoppingList"."updatedAt", "public"."ShoppingList"."userId" FROM "public"."ShoppingList" WHERE ("public"."ShoppingList"."id" = $1 AND 1=1) LIMIT $2 OFFSET $3
prisma:query SELECT "public"."ShoppingItem"."id", "public"."ShoppingItem"."name", "public"."ShoppingItem"."quantity", "public"."ShoppingItem"."unit", "public"."ShoppingItem"."createdAt", "public"."ShoppingItem"."updatedAt", "public"."ShoppingItem"."shoppingListId" FROM "public"."ShoppingItem" WHERE "public"."ShoppingItem"."shoppingListId" = $1 ORDER BY "public"."ShoppingItem"."createdAt" DESC OFFSET $2
prisma:query SELECT "public"."ItemPrice"."id", "public"."ItemPrice"."platform", "public"."ItemPrice"."price", "public"."ItemPrice"."url", "public"."ItemPrice"."available", "public"."ItemPrice"."productName", "public"."ItemPrice"."imageUrl", "public"."ItemPrice"."lastUpdated", "public"."ItemPrice"."shoppingItemId" FROM "public"."ItemPrice" WHERE "public"."ItemPrice"."shoppingItemId" IN ($1) OFFSET $2
 GET /api/shopping-lists/355bd007-cb2f-4aa7-89dd-7748b9e2bed8/items 200 in 37ms
 ✓ Compiled /api/platforms in 358ms (726 modules)
 GET /api/shopping-lists/355bd007-cb2f-4aa7-89dd-7748b9e2bed8/items 200 in 665ms
prisma:query SELECT "public"."ShoppingItem"."id", "public"."ShoppingItem"."name", "public"."ShoppingItem"."quantity", "public"."ShoppingItem"."unit", "public"."ShoppingItem"."createdAt", "public"."ShoppingItem"."updatedAt", "public"."ShoppingItem"."shoppingListId" FROM "public"."ShoppingItem" WHERE "public"."ShoppingItem"."shoppingListId" = $1 ORDER BY "public"."ShoppingItem"."createdAt" DESC OFFSET $2
prisma:query SELECT "public"."ItemPrice"."id", "public"."ItemPrice"."platform", "public"."ItemPrice"."price", "public"."ItemPrice"."url", "public"."ItemPrice"."available", "public"."ItemPrice"."productName", "public"."ItemPrice"."imageUrl", "public"."ItemPrice"."lastUpdated", "public"."ItemPrice"."shoppingItemId" FROM "public"."ItemPrice" WHERE "public"."ItemPrice"."shoppingItemId" IN ($1) OFFSET $2
prisma:query SELECT "public"."PlatformInfo"."id", "public"."PlatformInfo"."name", "public"."PlatformInfo"."logoUrl", "public"."PlatformInfo"."deliveryFee", "public"."PlatformInfo"."minOrderValue", "public"."PlatformInfo"."deliveryTime" FROM "public"."PlatformInfo" WHERE 1=1 OFFSET $1
prisma:query BEGIN
prisma:query INSERT INTO "public"."PlatformInfo" ("id","name","logoUrl","deliveryFee","minOrderValue","deliveryTime") VALUES ($1,$2,$3,$4,$5,$6), ($7,$8,$9,$10,$11,$12), ($13,$14,$15,$16,$17,$18), ($19,$20,$21,$22,$23,$24) ON CONFLICT DO NOTHING
prisma:query COMMIT
prisma:query SELECT "public"."PlatformInfo"."id", "public"."PlatformInfo"."name", "public"."PlatformInfo"."logoUrl", "public"."PlatformInfo"."deliveryFee", "public"."PlatformInfo"."minOrderValue", "public"."PlatformInfo"."deliveryTime" FROM "public"."PlatformInfo" WHERE 1=1 ORDER BY "public"."PlatformInfo"."name" ASC OFFSET $1
 GET /api/platforms 200 in 673ms
prisma:query SELECT "public"."PlatformInfo"."id", "public"."PlatformInfo"."name", "public"."PlatformInfo"."logoUrl", "public"."PlatformInfo"."deliveryFee", "public"."PlatformInfo"."minOrderValue", "public"."PlatformInfo"."deliveryTime" FROM "public"."PlatformInfo" WHERE 1=1 OFFSET $1
prisma:query SELECT "public"."PlatformInfo"."id", "public"."PlatformInfo"."name", "public"."PlatformInfo"."logoUrl", "public"."PlatformInfo"."deliveryFee", "public"."PlatformInfo"."minOrderValue", "public"."PlatformInfo"."deliveryTime" FROM "public"."PlatformInfo" WHERE 1=1 ORDER BY "public"."PlatformInfo"."name" ASC OFFSET $1
 GET /api/platforms 200 in 18ms
 GET / 200 in 176ms
 GET / 200 in 44ms
