yarn run v1.22.22
$ next dev
  ▲ Next.js 14.2.28
  - Local:        http://localhost:3000
  - Environments: .env
  - Experiments (use with caution):
    · outputFileTracingRoot

 ✓ Starting...
 ✓ Ready in 2s
 ○ Compiling / ...
 ✓ Compiled / in 4s (1237 modules)
 HEAD / 200 in 792ms
 HEAD / 200 in 4502ms
 ✓ Compiled in 991ms (607 modules)
 GET / 200 in 64ms
 GET / 200 in 45ms
 GET / 200 in 58ms
 GET / 200 in 57ms
 GET / 200 in 47ms
 GET / 200 in 46ms
 ✓ Compiled in 616ms (607 modules)
 ✓ Compiled in 996ms (1217 modules)
 ✓ Compiled in 428ms (1223 modules)
[?25h
