yarn run v1.22.22
$ next dev
  ▲ Next.js 14.2.28
  - Local:        http://localhost:3000
  - Environments: .env
  - Experiments (use with caution):
    · outputFileTracingRoot

 ✓ Starting...
 ✓ Ready in 2s
 ○ Compiling / ...
 ✓ Compiled / in 3.7s (1237 modules)
 HEAD / 200 in 696ms
 HEAD / 200 in 4100ms
 ✓ Compiled in 795ms (607 modules)
 GET / 200 in 65ms
 GET / 200 in 41ms
 GET / 200 in 62ms
 ○ Compiling /dashboard ...
 ✓ Compiled /dashboard in 1131ms (1248 modules)
 ✓ Compiled /api/shopping-lists in 353ms (677 modules)
prisma:query SELECT "public"."ShoppingList"."id", "public"."ShoppingList"."name", "public"."ShoppingList"."createdAt", "public"."ShoppingList"."updatedAt", "public"."ShoppingList"."userId" FROM "public"."ShoppingList" WHERE 1=1 ORDER BY "public"."ShoppingList"."updatedAt" DESC OFFSET $1
prisma:query SELECT "public"."ShoppingItem"."id", "public"."ShoppingItem"."name", "public"."ShoppingItem"."quantity", "public"."ShoppingItem"."unit", "public"."ShoppingItem"."createdAt", "public"."ShoppingItem"."updatedAt", "public"."ShoppingItem"."shoppingListId" FROM "public"."ShoppingItem" WHERE "public"."ShoppingItem"."shoppingListId" IN ($1,$2,$3) OFFSET $4
 GET /api/shopping-lists 200 in 603ms
prisma:query SELECT "public"."ShoppingList"."id", "public"."ShoppingList"."name", "public"."ShoppingList"."createdAt", "public"."ShoppingList"."updatedAt", "public"."ShoppingList"."userId" FROM "public"."ShoppingList" WHERE 1=1 ORDER BY "public"."ShoppingList"."updatedAt" DESC OFFSET $1
prisma:query SELECT "public"."ShoppingItem"."id", "public"."ShoppingItem"."name", "public"."ShoppingItem"."quantity", "public"."ShoppingItem"."unit", "public"."ShoppingItem"."createdAt", "public"."ShoppingItem"."updatedAt", "public"."ShoppingItem"."shoppingListId" FROM "public"."ShoppingItem" WHERE "public"."ShoppingItem"."shoppingListId" IN ($1,$2,$3) OFFSET $4
 GET /api/shopping-lists 200 in 18ms
 ○ Compiling /dashboard/lists/[id] ...
 ✓ Compiled /dashboard/lists/[id] in 677ms (1362 modules)
prisma:query SELECT "public"."ShoppingList"."id", "public"."ShoppingList"."name", "public"."ShoppingList"."createdAt", "public"."ShoppingList"."updatedAt", "public"."ShoppingList"."userId" FROM "public"."ShoppingList" WHERE ("public"."ShoppingList"."id" = $1 AND 1=1) LIMIT $2 OFFSET $3
 ✓ Compiled /api/shopping-lists/[id]/items in 161ms (725 modules)
prisma:query SELECT "public"."ShoppingItem"."id", "public"."ShoppingItem"."name", "public"."ShoppingItem"."quantity", "public"."ShoppingItem"."unit", "public"."ShoppingItem"."createdAt", "public"."ShoppingItem"."updatedAt", "public"."ShoppingItem"."shoppingListId" FROM "public"."ShoppingItem" WHERE "public"."ShoppingItem"."shoppingListId" = $1 ORDER BY "public"."ShoppingItem"."createdAt" DESC OFFSET $2
prisma:query SELECT "public"."ItemPrice"."id", "public"."ItemPrice"."platform", "public"."ItemPrice"."price", "public"."ItemPrice"."url", "public"."ItemPrice"."available", "public"."ItemPrice"."productName", "public"."ItemPrice"."imageUrl", "public"."ItemPrice"."lastUpdated", "public"."ItemPrice"."shoppingItemId" FROM "public"."ItemPrice" WHERE "public"."ItemPrice"."shoppingItemId" IN ($1) OFFSET $2
 GET /api/shopping-lists/0ec0da37-aa74-48a8-ab39-525b65e26b29/items 200 in 584ms
prisma:query SELECT "public"."ShoppingItem"."id", "public"."ShoppingItem"."name", "public"."ShoppingItem"."quantity", "public"."ShoppingItem"."unit", "public"."ShoppingItem"."createdAt", "public"."ShoppingItem"."updatedAt", "public"."ShoppingItem"."shoppingListId" FROM "public"."ShoppingItem" WHERE "public"."ShoppingItem"."shoppingListId" = $1 ORDER BY "public"."ShoppingItem"."createdAt" DESC OFFSET $2
prisma:query SELECT "public"."ItemPrice"."id", "public"."ItemPrice"."platform", "public"."ItemPrice"."price", "public"."ItemPrice"."url", "public"."ItemPrice"."available", "public"."ItemPrice"."productName", "public"."ItemPrice"."imageUrl", "public"."ItemPrice"."lastUpdated", "public"."ItemPrice"."shoppingItemId" FROM "public"."ItemPrice" WHERE "public"."ItemPrice"."shoppingItemId" IN ($1) OFFSET $2
 GET /api/shopping-lists/0ec0da37-aa74-48a8-ab39-525b65e26b29/items 200 in 33ms
 ○ Compiling /dashboard/lists/[id]/compare ...
 ✓ Compiled /dashboard/lists/[id]/compare in 829ms (1392 modules)
prisma:query SELECT "public"."ShoppingList"."id", "public"."ShoppingList"."name", "public"."ShoppingList"."createdAt", "public"."ShoppingList"."updatedAt", "public"."ShoppingList"."userId" FROM "public"."ShoppingList" WHERE ("public"."ShoppingList"."id" = $1 AND 1=1) LIMIT $2 OFFSET $3
prisma:query SELECT "public"."ShoppingItem"."id", "public"."ShoppingItem"."name", "public"."ShoppingItem"."quantity", "public"."ShoppingItem"."unit", "public"."ShoppingItem"."createdAt", "public"."ShoppingItem"."updatedAt", "public"."ShoppingItem"."shoppingListId" FROM "public"."ShoppingItem" WHERE "public"."ShoppingItem"."shoppingListId" = $1 ORDER BY "public"."ShoppingItem"."createdAt" DESC OFFSET $2
prisma:query SELECT "public"."ItemPrice"."id", "public"."ItemPrice"."platform", "public"."ItemPrice"."price", "public"."ItemPrice"."url", "public"."ItemPrice"."available", "public"."ItemPrice"."productName", "public"."ItemPrice"."imageUrl", "public"."ItemPrice"."lastUpdated", "public"."ItemPrice"."shoppingItemId" FROM "public"."ItemPrice" WHERE "public"."ItemPrice"."shoppingItemId" IN ($1) OFFSET $2
 GET /api/shopping-lists/0ec0da37-aa74-48a8-ab39-525b65e26b29/items 200 in 47ms
 ✓ Compiled /api/platforms in 190ms (743 modules)
Fetching platform information
 GET /api/shopping-lists/0ec0da37-aa74-48a8-ab39-525b65e26b29/items 200 in 420ms
prisma:query SELECT "public"."ShoppingItem"."id", "public"."ShoppingItem"."name", "public"."ShoppingItem"."quantity", "public"."ShoppingItem"."unit", "public"."ShoppingItem"."createdAt", "public"."ShoppingItem"."updatedAt", "public"."ShoppingItem"."shoppingListId" FROM "public"."ShoppingItem" WHERE "public"."ShoppingItem"."shoppingListId" = $1 ORDER BY "public"."ShoppingItem"."createdAt" DESC OFFSET $2
prisma:query SELECT "public"."ItemPrice"."id", "public"."ItemPrice"."platform", "public"."ItemPrice"."price", "public"."ItemPrice"."url", "public"."ItemPrice"."available", "public"."ItemPrice"."productName", "public"."ItemPrice"."imageUrl", "public"."ItemPrice"."lastUpdated", "public"."ItemPrice"."shoppingItemId" FROM "public"."ItemPrice" WHERE "public"."ItemPrice"."shoppingItemId" IN ($1) OFFSET $2
prisma:query SELECT "public"."PlatformInfo"."id", "public"."PlatformInfo"."name", "public"."PlatformInfo"."logoUrl", "public"."PlatformInfo"."deliveryFee", "public"."PlatformInfo"."minOrderValue", "public"."PlatformInfo"."deliveryTime" FROM "public"."PlatformInfo" WHERE 1=1 OFFSET $1
prisma:query SELECT "public"."PlatformInfo"."id", "public"."PlatformInfo"."name", "public"."PlatformInfo"."logoUrl", "public"."PlatformInfo"."deliveryFee", "public"."PlatformInfo"."minOrderValue", "public"."PlatformInfo"."deliveryTime" FROM "public"."PlatformInfo" WHERE 1=1 ORDER BY "public"."PlatformInfo"."name" ASC OFFSET $1
Found 4 platforms
 GET /api/platforms 200 in 428ms
Fetching platform information
prisma:query SELECT "public"."PlatformInfo"."id", "public"."PlatformInfo"."name", "public"."PlatformInfo"."logoUrl", "public"."PlatformInfo"."deliveryFee", "public"."PlatformInfo"."minOrderValue", "public"."PlatformInfo"."deliveryTime" FROM "public"."PlatformInfo" WHERE 1=1 OFFSET $1
prisma:query SELECT "public"."PlatformInfo"."id", "public"."PlatformInfo"."name", "public"."PlatformInfo"."logoUrl", "public"."PlatformInfo"."deliveryFee", "public"."PlatformInfo"."minOrderValue", "public"."PlatformInfo"."deliveryTime" FROM "public"."PlatformInfo" WHERE 1=1 ORDER BY "public"."PlatformInfo"."name" ASC OFFSET $1
Found 4 platforms
 GET /api/platforms 200 in 19ms
 ✓ Compiled in 619ms (665 modules)
 ✓ Compiled in 776ms (1374 modules)
 ✓ Compiled in 366ms (665 modules)
 ✓ Compiled in 321ms (665 modules)
 ✓ Compiled in 310ms (665 modules)
 ✓ Compiled in 1211ms (1352 modules)
 ✓ Compiled in 3.1s (1382 modules)
 ✓ Compiled in 1257ms (1382 modules)
[?25h
